<?xml version='1.0' encoding='utf-8'?>
<testsuites name="cocotb tests"><testsuite name="test_gpio" errors="0" failures="0" skipped="0" tests="1" time="0.004" timestamp="2026-09-12T18:19:19.132811+00:00" hostname="jaikrishn"><testcase classname="test_gpio" name="test_gpio" time="0.004"><properties><property name="cocotb" value="True" /><property name="random_seed" value="1789237158" /><property name="file" value="/home/jaikrishn/Documents/hardware/picorv32_axi4lite_port/tb/gpio_bank/test_gpio.py" /><property name="line" value="42" /><property name="sim_time_unit" value="ns" /><property name="sim_time_start" value="0.0" /><property name="sim_time_stop" value="160.0" /><property name="sim_time_duration" value="160.0" /><property name="sim_time_ratio" value="40547.626100624526" /></properties></testcase></testsuite></testsuites>